*********************************************
University of North Florida: SIC/XE assembler
version date 11/12/2002
account: n00725913; Sat Oct 15 19:30:11 2016
*********************************************
ASSEMBLER REPORT
----------------
     Loc   Object Code       Source Code
     ---   -----------       -----------
001- 00100                   PGM	START	100	.STARTING AT ADDRESS 100
002- 00100 0320AE            	LDA	ONE	.INITIALIZE THE LIST
003- 00103 0F20CF            	STA	ARRAY
004- 00106 0720C9            	LDX	INDEX
005- 00109 0320A8            	LDA	TWO
006- 0010C 0FA0C6            	STA	ARRAY,X
007- 0010F 0320C0            	LDA	INDEX
008- 00112 9001              	ADDR	A,X
009- 00114 0320A0            	LDA	THREE
010- 00117 0FA0BB            	STA	ARRAY,X
011- 0011A 0320B5            	LDA	INDEX
012- 0011D 9001              	ADDR	A,X
013- 0011F 032098            	LDA	FOUR
014- 00122 0FA0B0            	STA	ARRAY,X
015- 00125 0320AA            	LDA	INDEX
016- 00128 9001              	ADDR	A,X
017- 0012A 032090            	LDA	FIVE
018- 0012D 0FA0A5            	STA	ARRAY,X
019- 00130 03209F            	LDA	INDEX
020- 00133 9001              	ADDR	A,X
021- 00135 032088            	LDA	SIX
022- 00138 0FA09A            	STA	ARRAY,X
023- 0013B 032094            	LDA	INDEX
024- 0013E 9001              	ADDR	A,X
025- 00140 032080            	LDA	SEVEN
026- 00143 0FA08F            	STA	ARRAY,X
027- 00146 032089            	LDA	INDEX
028- 00149 9001              	ADDR	A,X
029- 0014B 032078            	LDA 	EIGHT
030- 0014E 0FA084            	STA	ARRAY,X
031- 00151 03207E            	LDA	INDEX
032- 00154 9001              	ADDR	A,X
033- 00156 032070            	LDA	NINE
034- 00159 0FA079            	STA	ARRAY,X
035- 0015C 032073            	LDA	INDEX
036- 0015F 9001              	ADDR	A,X
037- 00161 032068            	LDA	TEN
038- 00164 0FA06E            	STA	ARRAY,X
039- 00167 032068            	LDA	INDEX
040- 0016A 9001              	ADDR	A,X	.OK, NOW WE CAN PLAY
041- 0016C 032060            	LDA	ARLEN	.INITIALIZE END
042- 0016F 1D0001            	SUB	#1
043- 00172 0F209F            	STA	END
044- 00175 010000            	LDA	#0	.INITIALIZE START
045- 00178 0F2096            	STA	START
046- 0017B 032054            BEGIN	LDA	INDEX	.GET VALUE AT START INDEX
047- 0017E 232090            	MUL	START
048- 00181 AC01              	RMO	A,X
049- 00183 77A04F            	LDT	ARRAY,X	.LOAD VALUE INTO REGISTER T
050- 00186 032049            	LDA	INDEX	.STORE VALUE INTO END INDEX
051- 00189 232088            	MUL	END
052- 0018C AC01              	RMO	A,X
053- 0018E AC50              	RMO	T,A
054- 00190 0FA060            	STA	REVARY,X
055- 00193 03207B            	LDA	START	.INCREMENT START
056- 00196 190001            	ADD	#1
057- 00199 0F2075            	STA 	START
058- 0019C 032075            	LDA	END	.DECREMENT END
059- 0019F 1D0001            	SUB	#1
060- 001A2 0F206F            	STA	END
061- 001A5 032027            	LDA	ARLEN
062- 001A8 2B2066            	COMP	START	.COMPARE START TO ARLEN
063- 001AB 372FCD            	JGT	BEGIN
064- 001AE 4F0000            	RSUB
065- 001B1 00000C            ONE	WORD	12	.STARTING INITIAL LIST OF INTEGERS
066- 001B4 000036            TWO	WORD	54
067- 001B7 000051            THREE	WORD	81
068- 001BA 00003E            FOUR	WORD	62
069- 001BD 00001B            FIVE	WORD	27
070- 001C0 00005E            SIX	WORD	94
071- 001C3 000013            SEVEN	WORD	19
072- 001C6 000014            EIGHT	WORD	20
073- 001C9 000013            NINE	WORD	19
074- 001CC 000041            TEN	WORD	65
075- 001CF 00000A            ARLEN	WORD	10	.LENGTH OF THE ARRAY
076- 001D2 000003            INDEX	WORD	3	.AS A CONSTANT
077- 001D5                   ARRAY 	RESW	10	.INITIAL ARRAY
078- 001F3                   REVARY	RESW	10	.REVERSED ARRAY
079- 00211                   START	RESW	1	.THE START
080- 00214                   END	RESW	1	.END OF THE ARRAY
081- 00217                   	END	PGM
